<?xml version="1.0" encoding="UTF-8"?>
<testsuite xmlns:xsi="http://www.w3.org/2001/XMLSchema-instance" xsi:noNamespaceSchemaLocation="https://maven.apache.org/surefire/maven-surefire-plugin/xsd/surefire-test-report-3.0.xsd" version="3.0" name="hutly.HutlyApplicationTests" time="3.464" tests="1" errors="0" skipped="0" failures="0">
  <properties>
[...]
</properties>
  <testcase name="contextLoads" classname="hutly.HutlyApplicationTests" time="0.654">
    <system-out><![CDATA[20:35:43.884 [main] INFO org.springframework.test.context.support.AnnotationConfigContextLoaderUtils -- Could not detect default configuration classes for test class [hutly.HutlyApplicationTests]: HutlyApplicationTests does not declare any static, non-private, non-final, nested classes annotated with @Configuration.
20:35:43.978 [main] INFO org.springframework.boot.test.context.SpringBootTestContextBootstrapper -- Found @SpringBootConfiguration hutly.HutlyApplication for test class hutly.HutlyApplicationTests

  .   ____          _            __ _ _
 /\\ / ___'_ __ _ _(_)_ __  __ _ \ \ \ \
( ( )\___ | '_ | '_| | '_ \/ _` | \ \ \ \
 \\/  ___)| |_)| | | | | || (_| |  ) ) ) )
  '  |____| .__|_| |_|_| |_\__, | / / / /
 =========|_|==============|___/=/_/_/_/

 :: Spring Boot ::                (v3.3.2)

2024-07-30T20:35:44.369+03:00  INFO 30700 --- [           main] hutly.HutlyApplicationTests              : Starting HutlyApplicationTests using Java 17.0.12 with PID 30700 (started by zhiro in C:\Users\zhiro\IdeaProjects\Hutly)
2024-07-30T20:35:44.371+03:00  INFO 30700 --- [           main] hutly.HutlyApplicationTests              : No active profile set, falling back to 1 default profile: "default"
2024-07-30T20:35:44.925+03:00  INFO 30700 --- [           main] .s.d.r.c.RepositoryConfigurationDelegate : Bootstrapping Spring Data MongoDB repositories in DEFAULT mode.
2024-07-30T20:35:44.983+03:00  INFO 30700 --- [           main] .s.d.r.c.RepositoryConfigurationDelegate : Finished Spring Data repository scanning in 52 ms. Found 2 MongoDB repository interfaces.
2024-07-30T20:35:45.453+03:00  INFO 30700 --- [vva.mongodb.net] org.mongodb.driver.cluster               : Adding discovered server ac-mtsqelk-shard-00-01.8ly4vva.mongodb.net:27017 to client view of cluster
2024-07-30T20:35:45.470+03:00  INFO 30700 --- [           main] org.mongodb.driver.client                : MongoClient with metadata {"application": {"name": "Cluster0"}, "driver": {"name": "mongo-java-driver|sync|spring-boot", "version": "5.0.1"}, "os": {"type": "Windows", "name": "Windows 11", "architecture": "amd64", "version": "10.0"}, "platform": "Java/Oracle Corporation/17.0.12+8-LTS-286"} created with settings MongoClientSettings{readPreference=primary, writeConcern=WriteConcern{w=majority, wTimeout=null ms, journal=null}, retryWrites=true, retryReads=true, readConcern=ReadConcern{level=null}, credential=MongoCredential{mechanism=null, userName='root', source='admin', password=<hidden>, mechanismProperties=<hidden>}, transportSettings=null, commandListeners=[], codecRegistry=ProvidersCodecRegistry{codecProviders=[ValueCodecProvider{}, BsonValueCodecProvider{}, DBRefCodecProvider{}, DBObjectCodecProvider{}, DocumentCodecProvider{}, CollectionCodecProvider{}, IterableCodecProvider{}, MapCodecProvider{}, GeoJsonCodecProvider{}, GridFSFileCodecProvider{}, Jsr310CodecProvider{}, JsonObjectCodecProvider{}, BsonCodecProvider{}, EnumCodecProvider{}, com.mongodb.client.model.mql.ExpressionCodecProvider@93824eb, com.mongodb.Jep395RecordCodecProvider@7af52ec7, com.mongodb.KotlinCodecProvider@77c1e611]}, loggerSettings=LoggerSettings{maxDocumentLength=1000}, clusterSettings={hosts=[127.0.0.1:27017], srvHost=cluster0.8ly4vva.mongodb.net, srvServiceName=mongodb, mode=MULTIPLE, requiredClusterType=REPLICA_SET, requiredReplicaSetName='atlas-jusibr-shard-0', serverSelector='null', clusterListeners='[]', serverSelectionTimeout='30000 ms', localThreshold='15 ms'}, socketSettings=SocketSettings{connectTimeoutMS=10000, readTimeoutMS=0, receiveBufferSize=0, proxySettings=ProxySettings{host=null, port=null, username=null, password=null}}, heartbeatSocketSettings=SocketSettings{connectTimeoutMS=10000, readTimeoutMS=10000, receiveBufferSize=0, proxySettings=ProxySettings{host=null, port=null, username=null, password=null}}, connectionPoolSettings=ConnectionPoolSettings{maxSize=100, minSize=0, maxWaitTimeMS=120000, maxConnectionLifeTimeMS=0, maxConnectionIdleTimeMS=0, maintenanceInitialDelayMS=0, maintenanceFrequencyMS=60000, connectionPoolListeners=[], maxConnecting=2}, serverSettings=ServerSettings{heartbeatFrequencyMS=10000, minHeartbeatFrequencyMS=500, serverListeners='[]', serverMonitorListeners='[]'}, sslSettings=SslSettings{enabled=true, invalidHostNameAllowed=false, context=null}, applicationName='Cluster0', compressorList=[], uuidRepresentation=JAVA_LEGACY, serverApi=null, autoEncryptionSettings=null, dnsClient=null, inetAddressResolver=null, contextProvider=null}
2024-07-30T20:35:45.480+03:00  INFO 30700 --- [vva.mongodb.net] org.mongodb.driver.cluster               : Adding discovered server ac-mtsqelk-shard-00-02.8ly4vva.mongodb.net:27017 to client view of cluster
2024-07-30T20:35:45.482+03:00  INFO 30700 --- [vva.mongodb.net] org.mongodb.driver.cluster               : Adding discovered server ac-mtsqelk-shard-00-00.8ly4vva.mongodb.net:27017 to client view of cluster
2024-07-30T20:35:46.141+03:00  INFO 30700 --- [ngodb.net:27017] org.mongodb.driver.cluster               : Monitor thread successfully connected to server with description ServerDescription{address=ac-mtsqelk-shard-00-01.8ly4vva.mongodb.net:27017, type=REPLICA_SET_PRIMARY, state=CONNECTED, ok=true, minWireVersion=0, maxWireVersion=21, maxDocumentSize=16777216, logicalSessionTimeoutMinutes=30, roundTripTimeNanos=393630500, setName='atlas-jusibr-shard-0', canonicalAddress=ac-mtsqelk-shard-00-01.8ly4vva.mongodb.net:27017, hosts=[ac-mtsqelk-shard-00-00.8ly4vva.mongodb.net:27017, ac-mtsqelk-shard-00-01.8ly4vva.mongodb.net:27017, ac-mtsqelk-shard-00-02.8ly4vva.mongodb.net:27017], passives=[], arbiters=[], primary='ac-mtsqelk-shard-00-01.8ly4vva.mongodb.net:27017', tagSet=TagSet{[Tag{name='availabilityZone', value='europe-west1-c'}, Tag{name='diskState', value='READY'}, Tag{name='nodeType', value='ELECTABLE'}, Tag{name='provider', value='GCP'}, Tag{name='region', value='WESTERN_EUROPE'}, Tag{name='workloadType', value='OPERATIONAL'}]}, electionId=7fffffff000000000000000b, setVersion=1, topologyVersion=TopologyVersion{processId=668eec20ea75c15fc4d25946, counter=6}, lastWriteDate=Tue Jul 30 20:35:45 IDT 2024, lastUpdateTimeNanos=1773295459553500}
2024-07-30T20:35:46.141+03:00  INFO 30700 --- [ngodb.net:27017] org.mongodb.driver.cluster               : Monitor thread successfully connected to server with description ServerDescription{address=ac-mtsqelk-shard-00-02.8ly4vva.mongodb.net:27017, type=REPLICA_SET_SECONDARY, state=CONNECTED, ok=true, minWireVersion=0, maxWireVersion=21, maxDocumentSize=16777216, logicalSessionTimeoutMinutes=30, roundTripTimeNanos=393622100, setName='atlas-jusibr-shard-0', canonicalAddress=ac-mtsqelk-shard-00-02.8ly4vva.mongodb.net:27017, hosts=[ac-mtsqelk-shard-00-00.8ly4vva.mongodb.net:27017, ac-mtsqelk-shard-00-01.8ly4vva.mongodb.net:27017, ac-mtsqelk-shard-00-02.8ly4vva.mongodb.net:27017], passives=[], arbiters=[], primary='ac-mtsqelk-shard-00-01.8ly4vva.mongodb.net:27017', tagSet=TagSet{[Tag{name='availabilityZone', value='europe-west1-d'}, Tag{name='diskState', value='READY'}, Tag{name='nodeType', value='ELECTABLE'}, Tag{name='provider', value='GCP'}, Tag{name='region', value='WESTERN_EUROPE'}, Tag{name='workloadType', value='OPERATIONAL'}]}, electionId=null, setVersion=1, topologyVersion=TopologyVersion{processId=668eec728cc14d0d4febe6eb, counter=3}, lastWriteDate=Tue Jul 30 20:35:45 IDT 2024, lastUpdateTimeNanos=1773295459553500}
2024-07-30T20:35:46.142+03:00  INFO 30700 --- [ngodb.net:27017] org.mongodb.driver.cluster               : Monitor thread successfully connected to server with description ServerDescription{address=ac-mtsqelk-shard-00-00.8ly4vva.mongodb.net:27017, type=REPLICA_SET_SECONDARY, state=CONNECTED, ok=true, minWireVersion=0, maxWireVersion=21, maxDocumentSize=16777216, logicalSessionTimeoutMinutes=30, roundTripTimeNanos=394461000, setName='atlas-jusibr-shard-0', canonicalAddress=ac-mtsqelk-shard-00-00.8ly4vva.mongodb.net:27017, hosts=[ac-mtsqelk-shard-00-00.8ly4vva.mongodb.net:27017, ac-mtsqelk-shard-00-01.8ly4vva.mongodb.net:27017, ac-mtsqelk-shard-00-02.8ly4vva.mongodb.net:27017], passives=[], arbiters=[], primary='ac-mtsqelk-shard-00-01.8ly4vva.mongodb.net:27017', tagSet=TagSet{[Tag{name='availabilityZone', value='europe-west1-b'}, Tag{name='diskState', value='READY'}, Tag{name='nodeType', value='ELECTABLE'}, Tag{name='provider', value='GCP'}, Tag{name='region', value='WESTERN_EUROPE'}, Tag{name='workloadType', value='OPERATIONAL'}]}, electionId=null, setVersion=1, topologyVersion=TopologyVersion{processId=668eebce9f0bb4d13752b1c4, counter=4}, lastWriteDate=Tue Jul 30 20:35:45 IDT 2024, lastUpdateTimeNanos=1773295459553600}
2024-07-30T20:35:46.150+03:00  INFO 30700 --- [ngodb.net:27017] org.mongodb.driver.cluster               : Discovered replica set primary ac-mtsqelk-shard-00-01.8ly4vva.mongodb.net:27017 with max election id 7fffffff000000000000000b and max set version 1
2024-07-30T20:35:46.516+03:00  INFO 30700 --- [           main] hutly.HutlyApplicationTests              : Started HutlyApplicationTests in 2.374 seconds (process running for 3.245)
]]></system-out>
  </testcase>
</testsuite>